2016.10.19 13:15:58.455 MSK INFO: *** SYSTEM START ***
2016.10.19 19:12:28.466 MSK INFO: *** SYSTEM START ***
2016.10.19 19:12:29.388 MSK WARNING: missing bundle: protege_text -- BundleHelper.<init>()
2016.10.19 19:14:15.028 MSK INFO: *** SYSTEM START ***
2016.10.19 19:14:15.769 MSK WARNING: missing bundle: protege_text -- BundleHelper.<init>()
2016.10.19 19:19:10.769 MSK INFO: *** SYSTEM START ***
2016.10.19 19:19:11.563 MSK WARNING: missing bundle: protege_text -- BundleHelper.<init>()
2016.10.19 19:21:47.841 MSK INFO: *** SYSTEM START ***
2016.10.19 21:19:12.206 MSK INFO: *** SYSTEM START ***
2016.10.19 21:19:13.176 MSK WARNING: missing bundle: protege_text -- BundleHelper.<init>()
2016.10.19 21:19:45.324 MSK INFO: Project load time for file:/Users/ru/clojure/r4f-pro/pro-projects/RuleEngine.pprj: 0 sec -- ProjectChooser.loadProject()
2016.10.19 21:19:45.698 MSK INFO: UI display time = 0 sec -- ProjectManager$2.run()
2016.10.19 21:22:24.523 MSK INFO: *** SYSTEM START ***
2016.10.19 21:24:41.902 MSK INFO: *** SYSTEM START ***
2017.06.12 22:38:03.029 MSK INFO: *** SYSTEM START ***
2017.06.12 22:38:03.068 MSK WARNING: Look and feel not found: com.apple.laf.AquaLookAndFeel -- SystemUtilities.setLookAndFeel()
2017.06.12 22:38:03.843 MSK WARNING: missing bundle: protege_text -- BundleHelper.<init>()
2017.06.12 22:38:35.949 MSK INFO: Loaded 5000 instances: ScenarioN_ProjectKB_Class82749 -- Parser.getInstance()
2017.06.12 22:38:35.976 MSK INFO: Loaded 6000 instances: ScenarioN_ProjectKB_Class83749 -- Parser.getInstance()
2017.06.12 22:38:36.063 MSK INFO: Set type on 5000 instances: ScenarioN_ProjectKB_Class83087 -- Parser.getInstance()
2017.06.12 22:38:36.144 MSK INFO: Set type on 6000 instances: ScenarioN_ProjectKB_Class84087 -- Parser.getInstance()
2017.06.12 22:38:44.575 MSK INFO: Project load time for file:/home/ta/clojure/mil_base/WarGames.pprj: 10 sec -- ProjectChooser.loadProject()
2017.06.12 22:38:47.145 MSK INFO: UI display time = 2 sec -- ProjectManager$2.run()
